12:25:46:261 [ALWAYS]	GUDE Logging Started
12:25:46:261 [INFO]	SqliteResumeCache::SqliteResumeCache basedirectory is null/empty
12:25:46:261 [ERROR]	SqliteResumeCache::CreateSqliteResumeCache creating resume cache pointer failure
12:25:46:261 [ERROR]	Initialize resume cache pointer failure
12:25:46:261 [INFO]	gude policy POLICY_USER limit (2,2,1) chunk 2097152, chunking (UL 0 DL 1), resXfer 1, adapt 0, NSURL 0, timeout 86400 
12:25:46:261 [INFO]	Initialized -- gude-lib version: v0.12.1 app: gude
12:25:48:214 [WARN]	Ignoring attempt to reinit logging to \gude at level 4 retaining 3 days of logs
12:25:48:215 [INFO]	SqliteResumeCache::SqliteResumeCache basedirectory is null/empty
12:25:48:215 [ERROR]	SqliteResumeCache::CreateSqliteResumeCache creating resume cache pointer failure
12:25:48:215 [ERROR]	Initialize resume cache pointer failure
12:25:48:215 [INFO]	gude policy POLICY_USER limit (4,4,1) chunk 2097152, chunking (UL 0 DL 1), resXfer 1, adapt 0, NSURL 1, timeout 86400 
12:25:48:215 [INFO]	Initialized -- gude-lib version: v0.12.1 app: gude
12:37:00:550 [ALWAYS]	GUDE Logging Started
12:37:00:550 [INFO]	SqliteResumeCache::SqliteResumeCache basedirectory is null/empty
12:37:00:550 [ERROR]	SqliteResumeCache::CreateSqliteResumeCache creating resume cache pointer failure
12:37:00:550 [ERROR]	Initialize resume cache pointer failure
12:37:00:551 [INFO]	gude policy POLICY_USER limit (2,2,1) chunk 2097152, chunking (UL 0 DL 1), resXfer 1, adapt 0, NSURL 0, timeout 86400 
12:37:00:551 [INFO]	Initialized -- gude-lib version: v0.12.1 app: gude
12:37:02:554 [WARN]	Ignoring attempt to reinit logging to \gude at level 4 retaining 3 days of logs
12:37:02:554 [INFO]	SqliteResumeCache::SqliteResumeCache basedirectory is null/empty
12:37:02:554 [ERROR]	SqliteResumeCache::CreateSqliteResumeCache creating resume cache pointer failure
12:37:02:554 [ERROR]	Initialize resume cache pointer failure
12:37:02:554 [INFO]	gude policy POLICY_USER limit (4,4,1) chunk 2097152, chunking (UL 0 DL 1), resXfer 1, adapt 0, NSURL 1, timeout 86400 
12:37:02:554 [INFO]	Initialized -- gude-lib version: v0.12.1 app: gude
